-------------------------------------------------------------------------------
Test set: com.jz.api.planets.PlanetControllerTests
-------------------------------------------------------------------------------
Tests run: 1, Failures: 0, Errors: 1, Skipped: 0, Time elapsed: 0.035 s <<< FAILURE! - in com.jz.api.planets.PlanetControllerTests
initializationError(com.jz.api.planets.PlanetControllerTests)  Time elapsed: 0.001 s  <<< ERROR!
java.lang.IllegalStateException: Unable to find a @SpringBootConfiguration, you need to use @ContextConfiguration or @SpringBootTest(classes=...) with your test

